2025-03-19 20:52:38,983 [Worker-5: Loading available Gradle versions] INFO  o.e.b.c.i.u.g.PublishedGradleVersions - Gradle version information cache is not available. Remote download required.
2025-03-19 21:01:50,562 [Worker-11: Import Getting Started Content] INFO  o.e.m.c.i.l.LifecycleMappingFactory - Using org.eclipse.m2e.jdt.JarLifecycleMapping lifecycle mapping for MavenProject: br.com:vendas-api:0.0.1-SNAPSHOT @ F:\Desenvolvimento\Projetos\Projeto_Fullstack-react-spring-next_Udemy\ProjetoNovo\vendas-api\vendas-api\pom.xml.
2025-03-19 21:01:55,696 [Worker-11: Import Getting Started Content] INFO  o.e.m.c.i.e.AbstractTransferListenerAdapter - Downloading https://repo.maven.apache.org/maven2/org/springframework/boot/spring-boot-docker-compose/3.4.3/spring-boot-docker-compose-3.4.3.pom
2025-03-19 21:01:55,704 [Worker-11: Import Getting Started Content] INFO  o.e.m.c.i.e.AbstractTransferListenerAdapter - Downloaded https://repo.maven.apache.org/maven2/org/springframework/boot/spring-boot-docker-compose/3.4.3/spring-boot-docker-compose-3.4.3.pom
2025-03-19 21:01:57,004 [Worker-11: Import Getting Started Content] INFO  o.e.m.c.i.e.AbstractTransferListenerAdapter - Downloading https://repo.maven.apache.org/maven2/org/springframework/boot/spring-boot-docker-compose/3.4.3/spring-boot-docker-compose-3.4.3.jar
2025-03-19 21:01:57,052 [Worker-11: Import Getting Started Content] INFO  o.e.m.c.i.e.AbstractTransferListenerAdapter - Downloaded https://repo.maven.apache.org/maven2/org/springframework/boot/spring-boot-docker-compose/3.4.3/spring-boot-docker-compose-3.4.3.jar
2025-03-19 21:02:00,542 [Worker-11: Import Getting Started Content] INFO  o.e.m.j.i.AbstractJavaProjectConfigurator - Adding source folder /vendas-api/src/main/java
2025-03-19 21:02:00,543 [Worker-11: Import Getting Started Content] INFO  o.e.m.j.i.AbstractJavaProjectConfigurator - Adding resource folder /vendas-api/src/main/resources
2025-03-19 21:02:00,546 [Worker-11: Import Getting Started Content] INFO  o.e.m.j.i.AbstractJavaProjectConfigurator - Adding resource folder /vendas-api/src/main/resources
2025-03-19 21:02:00,549 [Worker-11: Import Getting Started Content] INFO  o.e.m.j.i.AbstractJavaProjectConfigurator - Adding source folder /vendas-api/src/test/java
2025-03-19 21:02:00,549 [Worker-11: Import Getting Started Content] INFO  o.e.m.j.i.AbstractJavaProjectConfigurator - Adding resource folder /vendas-api/src/test/resources
2025-03-19 21:02:00,836 [Worker-0: Download sources and javadoc] INFO  o.e.m.c.i.e.AbstractTransferListenerAdapter - Downloading https://repo.maven.apache.org/maven2/org/springframework/boot/spring-boot-docker-compose/3.4.3/spring-boot-docker-compose-3.4.3-sources.jar
2025-03-19 21:02:00,877 [Worker-0: Download sources and javadoc] INFO  o.e.m.c.i.e.AbstractTransferListenerAdapter - Downloaded https://repo.maven.apache.org/maven2/org/springframework/boot/spring-boot-docker-compose/3.4.3/spring-boot-docker-compose-3.4.3-sources.jar
2025-03-19 21:02:00,879 [Worker-0: Download sources and javadoc] INFO  o.e.m.j.internal.DownloadSourcesJob - Downloaded sources for org.springframework.boot:spring-boot-docker-compose:3.4.3
2025-03-19 21:02:04,471 [Worker-11: Import Getting Started Content] INFO  o.e.m.c.i.p.ProjectConfigurationManager - Imported and configured 1 project(s) in 19 sec
2025-03-19 21:02:04,475 [Worker-11: Import Getting Started Content] INFO  o.e.m.c.i.p.ProjectConfigurationManager - Update started
2025-03-19 21:02:04,759 [Worker-11: Import Getting Started Content] INFO  o.e.m.c.i.l.LifecycleMappingFactory - Using org.eclipse.m2e.jdt.JarLifecycleMapping lifecycle mapping for MavenProject: br.com:vendas-api:0.0.1-SNAPSHOT @ F:\Desenvolvimento\Projetos\Projeto_Fullstack-react-spring-next_Udemy\ProjetoNovo\vendas-api\vendas-api\pom.xml.
2025-03-19 21:02:05,270 [Worker-11: Import Getting Started Content] INFO  o.e.m.j.i.AbstractJavaProjectConfigurator - Adding source folder /vendas-api/src/main/java
2025-03-19 21:02:05,271 [Worker-11: Import Getting Started Content] INFO  o.e.m.j.i.AbstractJavaProjectConfigurator - Adding resource folder /vendas-api/src/main/resources
2025-03-19 21:02:05,272 [Worker-11: Import Getting Started Content] INFO  o.e.m.j.i.AbstractJavaProjectConfigurator - Adding resource folder /vendas-api/src/main/resources
2025-03-19 21:02:05,272 [Worker-11: Import Getting Started Content] INFO  o.e.m.j.i.AbstractJavaProjectConfigurator - Adding source folder /vendas-api/src/test/java
2025-03-19 21:02:05,273 [Worker-11: Import Getting Started Content] INFO  o.e.m.j.i.AbstractJavaProjectConfigurator - Adding resource folder /vendas-api/src/test/resources
2025-03-19 21:02:05,712 [Worker-11: Import Getting Started Content] INFO  o.e.m.c.i.p.ProjectConfigurationManager - Update completed for 1 poms: local refresh takes 0,00 sec, refresh facades takes 0,00 sec, update config takes 0,00 sec 
2025-03-19 21:02:06,909 [Worker-15: Building] INFO  o.a.m.s.f.DefaultMavenResourcesFiltering - Copying 1 resource from src\main\resources to target\classes
2025-03-19 21:02:06,949 [Worker-15: Building] INFO  o.a.m.s.f.DefaultMavenResourcesFiltering - Copying 0 resource from src\main\resources to target\classes
2025-03-19 21:02:06,954 [Worker-15: Building] INFO  o.a.m.s.f.DefaultMavenResourcesFiltering - skip non existing resourceDirectory F:\Desenvolvimento\Projetos\Projeto_Fullstack-react-spring-next_Udemy\ProjetoNovo\vendas-api\vendas-api\src\test\resources
2025-03-19 21:50:24,227 [Worker-46: Launching vendas-api - VendasApiApplication] INFO  o.a.m.s.f.DefaultMavenResourcesFiltering - Copying 1 resource from src\main\resources to target\classes
2025-03-19 21:50:24,231 [Worker-46: Launching vendas-api - VendasApiApplication] INFO  o.a.m.s.f.DefaultMavenResourcesFiltering - Copying 0 resource from src\main\resources to target\classes
2025-03-19 21:50:24,236 [Worker-46: Launching vendas-api - VendasApiApplication] INFO  o.a.m.s.f.DefaultMavenResourcesFiltering - skip non existing resourceDirectory F:\Desenvolvimento\Projetos\Projeto_Fullstack-react-spring-next_Udemy\ProjetoNovo\vendas-api\vendas-api\src\test\resources
2025-03-19 22:05:33,655 [Worker-56: Launching vendas-api - VendasApiApplication] INFO  o.a.m.s.f.DefaultMavenResourcesFiltering - Copying 1 resource from src\main\resources to target\classes
2025-03-19 22:05:33,662 [Worker-56: Launching vendas-api - VendasApiApplication] INFO  o.a.m.s.f.DefaultMavenResourcesFiltering - Copying 0 resource from src\main\resources to target\classes
2025-03-19 22:05:33,665 [Worker-56: Launching vendas-api - VendasApiApplication] INFO  o.a.m.s.f.DefaultMavenResourcesFiltering - skip non existing resourceDirectory F:\Desenvolvimento\Projetos\Projeto_Fullstack-react-spring-next_Udemy\ProjetoNovo\vendas-api\vendas-api\src\test\resources
2025-03-19 22:08:45,700 [Worker-55: Building] INFO  o.a.m.s.f.DefaultMavenResourcesFiltering - Copying 1 resource from src\main\resources to target\classes
2025-03-19 22:08:45,706 [Worker-55: Building] INFO  o.a.m.s.f.DefaultMavenResourcesFiltering - Copying 0 resource from src\main\resources to target\classes
2025-03-19 22:08:45,708 [Worker-55: Building] INFO  o.a.m.s.f.DefaultMavenResourcesFiltering - skip non existing resourceDirectory F:\Desenvolvimento\Projetos\Projeto_Fullstack-react-spring-next_Udemy\ProjetoNovo\vendas-api\vendas-api\src\test\resources
2025-03-19 22:09:01,333 [Worker-58: Building] INFO  o.a.m.s.f.DefaultMavenResourcesFiltering - Copying 1 resource from src\main\resources to target\classes
2025-03-19 22:09:01,338 [Worker-58: Building] INFO  o.a.m.s.f.DefaultMavenResourcesFiltering - Copying 0 resource from src\main\resources to target\classes
2025-03-19 22:09:01,341 [Worker-58: Building] INFO  o.a.m.s.f.DefaultMavenResourcesFiltering - skip non existing resourceDirectory F:\Desenvolvimento\Projetos\Projeto_Fullstack-react-spring-next_Udemy\ProjetoNovo\vendas-api\vendas-api\src\test\resources
2025-03-19 22:09:25,909 [Worker-60: Building] INFO  o.a.m.s.f.DefaultMavenResourcesFiltering - Copying 1 resource from src\main\resources to target\classes
2025-03-19 22:09:25,913 [Worker-60: Building] INFO  o.a.m.s.f.DefaultMavenResourcesFiltering - Copying 0 resource from src\main\resources to target\classes
2025-03-19 22:09:25,916 [Worker-60: Building] INFO  o.a.m.s.f.DefaultMavenResourcesFiltering - skip non existing resourceDirectory F:\Desenvolvimento\Projetos\Projeto_Fullstack-react-spring-next_Udemy\ProjetoNovo\vendas-api\vendas-api\src\test\resources
2025-03-19 22:09:53,451 [Worker-57: Building] INFO  o.a.m.s.f.DefaultMavenResourcesFiltering - Copying 1 resource from src\main\resources to target\classes
2025-03-19 22:09:53,456 [Worker-57: Building] INFO  o.a.m.s.f.DefaultMavenResourcesFiltering - Copying 0 resource from src\main\resources to target\classes
2025-03-19 22:09:53,459 [Worker-57: Building] INFO  o.a.m.s.f.DefaultMavenResourcesFiltering - skip non existing resourceDirectory F:\Desenvolvimento\Projetos\Projeto_Fullstack-react-spring-next_Udemy\ProjetoNovo\vendas-api\vendas-api\src\test\resources
2025-03-19 22:12:05,323 [Worker-60: Building] INFO  o.a.m.s.f.DefaultMavenResourcesFiltering - Copying 1 resource from src\main\resources to target\classes
2025-03-19 22:12:05,328 [Worker-60: Building] INFO  o.a.m.s.f.DefaultMavenResourcesFiltering - Copying 0 resource from src\main\resources to target\classes
2025-03-19 22:12:05,330 [Worker-60: Building] INFO  o.a.m.s.f.DefaultMavenResourcesFiltering - skip non existing resourceDirectory F:\Desenvolvimento\Projetos\Projeto_Fullstack-react-spring-next_Udemy\ProjetoNovo\vendas-api\vendas-api\src\test\resources
2025-03-19 22:14:08,580 [Worker-59: Building] INFO  o.a.m.s.f.DefaultMavenResourcesFiltering - Copying 1 resource from src\main\resources to target\classes
2025-03-19 22:14:08,585 [Worker-59: Building] INFO  o.a.m.s.f.DefaultMavenResourcesFiltering - Copying 0 resource from src\main\resources to target\classes
2025-03-19 22:14:08,588 [Worker-59: Building] INFO  o.a.m.s.f.DefaultMavenResourcesFiltering - skip non existing resourceDirectory F:\Desenvolvimento\Projetos\Projeto_Fullstack-react-spring-next_Udemy\ProjetoNovo\vendas-api\vendas-api\src\test\resources
2025-03-19 22:14:45,843 [Worker-59: Building] INFO  o.a.m.s.f.DefaultMavenResourcesFiltering - Copying 1 resource from src\main\resources to target\classes
2025-03-19 22:14:45,848 [Worker-59: Building] INFO  o.a.m.s.f.DefaultMavenResourcesFiltering - Copying 0 resource from src\main\resources to target\classes
2025-03-19 22:14:45,850 [Worker-59: Building] INFO  o.a.m.s.f.DefaultMavenResourcesFiltering - skip non existing resourceDirectory F:\Desenvolvimento\Projetos\Projeto_Fullstack-react-spring-next_Udemy\ProjetoNovo\vendas-api\vendas-api\src\test\resources
2025-03-19 22:21:51,578 [Worker-60: Building] INFO  o.a.m.s.f.DefaultMavenResourcesFiltering - Copying 0 resource from src\main\resources to target\classes
2025-03-19 22:21:51,579 [Worker-60: Building] INFO  o.a.m.s.f.DefaultMavenResourcesFiltering - Copying 1 resource from src\main\resources to target\classes
2025-03-19 22:21:51,583 [Worker-60: Building] INFO  o.a.m.s.f.DefaultMavenResourcesFiltering - skip non existing resourceDirectory F:\Desenvolvimento\Projetos\Projeto_Fullstack-react-spring-next_Udemy\ProjetoNovo\vendas-api\vendas-api\src\test\resources
2025-03-19 22:23:01,142 [Worker-13: Building] INFO  o.a.m.s.f.DefaultMavenResourcesFiltering - Copying 0 resource from src\main\resources to target\classes
2025-03-19 22:23:01,143 [Worker-13: Building] INFO  o.a.m.s.f.DefaultMavenResourcesFiltering - Copying 1 resource from src\main\resources to target\classes
2025-03-19 22:23:01,146 [Worker-13: Building] INFO  o.a.m.s.f.DefaultMavenResourcesFiltering - skip non existing resourceDirectory F:\Desenvolvimento\Projetos\Projeto_Fullstack-react-spring-next_Udemy\ProjetoNovo\vendas-api\vendas-api\src\test\resources
2025-03-19 22:23:47,862 [Worker-13: Building] INFO  o.a.m.s.f.DefaultMavenResourcesFiltering - Copying 0 resource from src\main\resources to target\classes
2025-03-19 22:23:47,863 [Worker-13: Building] INFO  o.a.m.s.f.DefaultMavenResourcesFiltering - Copying 1 resource from src\main\resources to target\classes
2025-03-19 22:23:47,866 [Worker-13: Building] INFO  o.a.m.s.f.DefaultMavenResourcesFiltering - skip non existing resourceDirectory F:\Desenvolvimento\Projetos\Projeto_Fullstack-react-spring-next_Udemy\ProjetoNovo\vendas-api\vendas-api\src\test\resources
2025-03-19 22:23:54,075 [Worker-52: Building] INFO  o.a.m.s.f.DefaultMavenResourcesFiltering - Copying 0 resource from src\main\resources to target\classes
2025-03-19 22:23:54,076 [Worker-52: Building] INFO  o.a.m.s.f.DefaultMavenResourcesFiltering - Copying 0 resource from src\main\resources to target\classes
2025-03-19 22:23:54,079 [Worker-52: Building] INFO  o.a.m.s.f.DefaultMavenResourcesFiltering - skip non existing resourceDirectory F:\Desenvolvimento\Projetos\Projeto_Fullstack-react-spring-next_Udemy\ProjetoNovo\vendas-api\vendas-api\src\test\resources
2025-03-19 22:25:02,601 [Worker-58: Building] INFO  o.a.m.s.f.DefaultMavenResourcesFiltering - Copying 0 resource from src\main\resources to target\classes
2025-03-19 22:25:02,602 [Worker-58: Building] INFO  o.a.m.s.f.DefaultMavenResourcesFiltering - Copying 0 resource from src\main\resources to target\classes
2025-03-19 22:25:02,604 [Worker-58: Building] INFO  o.a.m.s.f.DefaultMavenResourcesFiltering - skip non existing resourceDirectory F:\Desenvolvimento\Projetos\Projeto_Fullstack-react-spring-next_Udemy\ProjetoNovo\vendas-api\vendas-api\src\test\resources
2025-03-19 23:01:32,468 [Worker-58: Building] INFO  o.a.m.s.f.DefaultMavenResourcesFiltering - Copying 1 resource from src\main\resources to target\classes
2025-03-19 23:01:32,475 [Worker-58: Building] INFO  o.a.m.s.f.DefaultMavenResourcesFiltering - Copying 0 resource from src\main\resources to target\classes
2025-03-19 23:01:32,478 [Worker-58: Building] INFO  o.a.m.s.f.DefaultMavenResourcesFiltering - skip non existing resourceDirectory F:\Desenvolvimento\Projetos\Projeto_Fullstack-react-spring-next_Udemy\ProjetoNovo\vendas-api\vendas-api\src\test\resources
2025-03-19 23:04:11,237 [Worker-58: Building] INFO  o.a.m.s.f.DefaultMavenResourcesFiltering - Copying 1 resource from src\main\resources to target\classes
2025-03-19 23:04:11,241 [Worker-58: Building] INFO  o.a.m.s.f.DefaultMavenResourcesFiltering - Copying 0 resource from src\main\resources to target\classes
2025-03-19 23:04:11,244 [Worker-58: Building] INFO  o.a.m.s.f.DefaultMavenResourcesFiltering - skip non existing resourceDirectory F:\Desenvolvimento\Projetos\Projeto_Fullstack-react-spring-next_Udemy\ProjetoNovo\vendas-api\vendas-api\src\test\resources
2025-03-19 23:19:55,999 [Worker-55: Building] INFO  o.a.m.s.f.DefaultMavenResourcesFiltering - Copying 1 resource from src\main\resources to target\classes
2025-03-19 23:19:56,006 [Worker-55: Building] INFO  o.a.m.s.f.DefaultMavenResourcesFiltering - Copying 0 resource from src\main\resources to target\classes
2025-03-19 23:19:56,008 [Worker-55: Building] INFO  o.a.m.s.f.DefaultMavenResourcesFiltering - skip non existing resourceDirectory F:\Desenvolvimento\Projetos\Projeto_Fullstack-react-spring-next_Udemy\ProjetoNovo\vendas-api\vendas-api\src\test\resources
2025-03-19 23:22:00,069 [Worker-59: Building] INFO  o.a.m.s.f.DefaultMavenResourcesFiltering - Copying 1 resource from src\main\resources to target\classes
2025-03-19 23:22:00,075 [Worker-59: Building] INFO  o.a.m.s.f.DefaultMavenResourcesFiltering - Copying 0 resource from src\main\resources to target\classes
2025-03-19 23:22:00,077 [Worker-59: Building] INFO  o.a.m.s.f.DefaultMavenResourcesFiltering - skip non existing resourceDirectory F:\Desenvolvimento\Projetos\Projeto_Fullstack-react-spring-next_Udemy\ProjetoNovo\vendas-api\vendas-api\src\test\resources
2025-03-20 01:51:30,489 [Worker-1: Loading available Gradle versions] INFO  o.e.b.c.i.u.g.PublishedGradleVersions - Gradle version information cache is up-to-date. Trying to read.
2025-03-20 02:00:05,323 [Worker-17: Building] INFO  o.a.m.s.f.DefaultMavenResourcesFiltering - Copying 1 resource from src\main\resources to target\classes
2025-03-20 02:00:05,342 [Worker-17: Building] INFO  o.a.m.s.f.DefaultMavenResourcesFiltering - Copying 0 resource from src\main\resources to target\classes
2025-03-20 02:00:05,347 [Worker-17: Building] INFO  o.a.m.s.f.DefaultMavenResourcesFiltering - skip non existing resourceDirectory F:\Desenvolvimento\Projetos\Projeto_Fullstack-react-spring-next_Udemy\ProjetoNovo\vendas-api\vendas-api\src\test\resources
2025-03-20 02:02:23,135 [Worker-13: Building] INFO  o.a.m.s.f.DefaultMavenResourcesFiltering - Copying 1 resource from src\main\resources to target\classes
2025-03-20 02:02:23,139 [Worker-13: Building] INFO  o.a.m.s.f.DefaultMavenResourcesFiltering - Copying 0 resource from src\main\resources to target\classes
2025-03-20 02:02:23,142 [Worker-13: Building] INFO  o.a.m.s.f.DefaultMavenResourcesFiltering - skip non existing resourceDirectory F:\Desenvolvimento\Projetos\Projeto_Fullstack-react-spring-next_Udemy\ProjetoNovo\vendas-api\vendas-api\src\test\resources
2025-03-20 02:03:49,198 [Worker-13: Building] INFO  o.a.m.s.f.DefaultMavenResourcesFiltering - Copying 1 resource from src\main\resources to target\classes
2025-03-20 02:03:49,201 [Worker-13: Building] INFO  o.a.m.s.f.DefaultMavenResourcesFiltering - Copying 0 resource from src\main\resources to target\classes
2025-03-20 02:03:49,204 [Worker-13: Building] INFO  o.a.m.s.f.DefaultMavenResourcesFiltering - skip non existing resourceDirectory F:\Desenvolvimento\Projetos\Projeto_Fullstack-react-spring-next_Udemy\ProjetoNovo\vendas-api\vendas-api\src\test\resources
2025-03-20 02:04:00,107 [Worker-17: Building] INFO  o.a.m.s.f.DefaultMavenResourcesFiltering - Copying 1 resource from src\main\resources to target\classes
2025-03-20 02:04:00,123 [Worker-17: Building] INFO  o.a.m.s.f.DefaultMavenResourcesFiltering - Copying 0 resource from src\main\resources to target\classes
2025-03-20 02:04:00,126 [Worker-17: Building] INFO  o.a.m.s.f.DefaultMavenResourcesFiltering - skip non existing resourceDirectory F:\Desenvolvimento\Projetos\Projeto_Fullstack-react-spring-next_Udemy\ProjetoNovo\vendas-api\vendas-api\src\test\resources
2025-03-20 02:04:19,555 [Worker-18: Building] INFO  o.a.m.s.f.DefaultMavenResourcesFiltering - Copying 1 resource from src\main\resources to target\classes
2025-03-20 02:04:19,559 [Worker-18: Building] INFO  o.a.m.s.f.DefaultMavenResourcesFiltering - Copying 0 resource from src\main\resources to target\classes
2025-03-20 02:04:19,562 [Worker-18: Building] INFO  o.a.m.s.f.DefaultMavenResourcesFiltering - skip non existing resourceDirectory F:\Desenvolvimento\Projetos\Projeto_Fullstack-react-spring-next_Udemy\ProjetoNovo\vendas-api\vendas-api\src\test\resources
2025-03-20 02:04:48,392 [Worker-13: Building] INFO  o.a.m.s.f.DefaultMavenResourcesFiltering - Copying 1 resource from src\main\resources to target\classes
2025-03-20 02:04:48,398 [Worker-13: Building] INFO  o.a.m.s.f.DefaultMavenResourcesFiltering - Copying 0 resource from src\main\resources to target\classes
2025-03-20 02:04:48,400 [Worker-13: Building] INFO  o.a.m.s.f.DefaultMavenResourcesFiltering - skip non existing resourceDirectory F:\Desenvolvimento\Projetos\Projeto_Fullstack-react-spring-next_Udemy\ProjetoNovo\vendas-api\vendas-api\src\test\resources
2025-03-20 02:10:13,015 [Worker-20: Building] INFO  o.a.m.s.f.DefaultMavenResourcesFiltering - Copying 1 resource from src\main\resources to target\classes
2025-03-20 02:10:13,027 [Worker-20: Building] INFO  o.a.m.s.f.DefaultMavenResourcesFiltering - Copying 0 resource from src\main\resources to target\classes
2025-03-20 02:10:13,030 [Worker-20: Building] INFO  o.a.m.s.f.DefaultMavenResourcesFiltering - skip non existing resourceDirectory F:\Desenvolvimento\Projetos\Projeto_Fullstack-react-spring-next_Udemy\ProjetoNovo\vendas-api\vendas-api\src\test\resources
2025-03-20 02:17:06,294 [Worker-25: Building] INFO  o.a.m.s.f.DefaultMavenResourcesFiltering - Copying 1 resource from src\main\resources to target\classes
2025-03-20 02:17:06,301 [Worker-25: Building] INFO  o.a.m.s.f.DefaultMavenResourcesFiltering - Copying 0 resource from src\main\resources to target\classes
2025-03-20 02:17:06,304 [Worker-25: Building] INFO  o.a.m.s.f.DefaultMavenResourcesFiltering - skip non existing resourceDirectory F:\Desenvolvimento\Projetos\Projeto_Fullstack-react-spring-next_Udemy\ProjetoNovo\vendas-api\vendas-api\src\test\resources
2025-03-20 02:23:45,477 [Worker-26: Building] INFO  o.a.m.s.f.DefaultMavenResourcesFiltering - Copying 1 resource from src\main\resources to target\classes
2025-03-20 02:23:45,483 [Worker-26: Building] INFO  o.a.m.s.f.DefaultMavenResourcesFiltering - Copying 0 resource from src\main\resources to target\classes
2025-03-20 02:23:45,485 [Worker-26: Building] INFO  o.a.m.s.f.DefaultMavenResourcesFiltering - skip non existing resourceDirectory F:\Desenvolvimento\Projetos\Projeto_Fullstack-react-spring-next_Udemy\ProjetoNovo\vendas-api\vendas-api\src\test\resources
2025-03-20 02:25:53,508 [Worker-23: Launching vendas-api - VendasApiApplication] INFO  o.a.m.s.f.DefaultMavenResourcesFiltering - Copying 1 resource from src\main\resources to target\classes
2025-03-20 02:25:53,524 [Worker-23: Launching vendas-api - VendasApiApplication] INFO  o.a.m.s.f.DefaultMavenResourcesFiltering - Copying 0 resource from src\main\resources to target\classes
2025-03-20 02:25:53,528 [Worker-23: Launching vendas-api - VendasApiApplication] INFO  o.a.m.s.f.DefaultMavenResourcesFiltering - skip non existing resourceDirectory F:\Desenvolvimento\Projetos\Projeto_Fullstack-react-spring-next_Udemy\ProjetoNovo\vendas-api\vendas-api\src\test\resources
2025-03-20 02:33:09,457 [Worker-31: Launching vendas-api - VendasApiApplication] INFO  o.a.m.s.f.DefaultMavenResourcesFiltering - Copying 1 resource from src\main\resources to target\classes
2025-03-20 02:33:09,464 [Worker-31: Launching vendas-api - VendasApiApplication] INFO  o.a.m.s.f.DefaultMavenResourcesFiltering - Copying 0 resource from src\main\resources to target\classes
2025-03-20 02:33:09,466 [Worker-31: Launching vendas-api - VendasApiApplication] INFO  o.a.m.s.f.DefaultMavenResourcesFiltering - skip non existing resourceDirectory F:\Desenvolvimento\Projetos\Projeto_Fullstack-react-spring-next_Udemy\ProjetoNovo\vendas-api\vendas-api\src\test\resources
2025-03-20 02:34:36,366 [Worker-28: Building] INFO  o.a.m.s.f.DefaultMavenResourcesFiltering - Copying 1 resource from src\main\resources to target\classes
2025-03-20 02:34:36,372 [Worker-28: Building] INFO  o.a.m.s.f.DefaultMavenResourcesFiltering - Copying 0 resource from src\main\resources to target\classes
2025-03-20 02:34:36,374 [Worker-28: Building] INFO  o.a.m.s.f.DefaultMavenResourcesFiltering - skip non existing resourceDirectory F:\Desenvolvimento\Projetos\Projeto_Fullstack-react-spring-next_Udemy\ProjetoNovo\vendas-api\vendas-api\src\test\resources
2025-03-20 02:37:34,191 [Worker-30: Building] INFO  o.a.m.s.f.DefaultMavenResourcesFiltering - Copying 1 resource from src\main\resources to target\classes
2025-03-20 02:37:34,197 [Worker-30: Building] INFO  o.a.m.s.f.DefaultMavenResourcesFiltering - Copying 0 resource from src\main\resources to target\classes
2025-03-20 02:37:34,199 [Worker-30: Building] INFO  o.a.m.s.f.DefaultMavenResourcesFiltering - skip non existing resourceDirectory F:\Desenvolvimento\Projetos\Projeto_Fullstack-react-spring-next_Udemy\ProjetoNovo\vendas-api\vendas-api\src\test\resources
2025-03-20 02:47:28,145 [Worker-30: Building] INFO  o.a.m.s.f.DefaultMavenResourcesFiltering - Copying 1 resource from src\main\resources to target\classes
2025-03-20 02:47:28,151 [Worker-30: Building] INFO  o.a.m.s.f.DefaultMavenResourcesFiltering - Copying 0 resource from src\main\resources to target\classes
2025-03-20 02:47:28,153 [Worker-30: Building] INFO  o.a.m.s.f.DefaultMavenResourcesFiltering - skip non existing resourceDirectory F:\Desenvolvimento\Projetos\Projeto_Fullstack-react-spring-next_Udemy\ProjetoNovo\vendas-api\vendas-api\src\test\resources
2025-03-20 02:51:52,690 [Worker-30: Building] INFO  o.a.m.s.f.DefaultMavenResourcesFiltering - Copying 1 resource from src\main\resources to target\classes
2025-03-20 02:51:52,696 [Worker-30: Building] INFO  o.a.m.s.f.DefaultMavenResourcesFiltering - Copying 0 resource from src\main\resources to target\classes
2025-03-20 02:51:52,698 [Worker-30: Building] INFO  o.a.m.s.f.DefaultMavenResourcesFiltering - skip non existing resourceDirectory F:\Desenvolvimento\Projetos\Projeto_Fullstack-react-spring-next_Udemy\ProjetoNovo\vendas-api\vendas-api\src\test\resources
2025-03-20 02:55:25,899 [Worker-29: Building] INFO  o.a.m.s.f.DefaultMavenResourcesFiltering - Copying 1 resource from src\main\resources to target\classes
2025-03-20 02:55:25,904 [Worker-29: Building] INFO  o.a.m.s.f.DefaultMavenResourcesFiltering - Copying 0 resource from src\main\resources to target\classes
2025-03-20 02:55:25,907 [Worker-29: Building] INFO  o.a.m.s.f.DefaultMavenResourcesFiltering - skip non existing resourceDirectory F:\Desenvolvimento\Projetos\Projeto_Fullstack-react-spring-next_Udemy\ProjetoNovo\vendas-api\vendas-api\src\test\resources
2025-03-20 02:55:29,929 [Worker-30: Building] INFO  o.a.m.s.f.DefaultMavenResourcesFiltering - Copying 1 resource from src\main\resources to target\classes
2025-03-20 02:55:29,933 [Worker-30: Building] INFO  o.a.m.s.f.DefaultMavenResourcesFiltering - Copying 0 resource from src\main\resources to target\classes
2025-03-20 02:55:29,935 [Worker-30: Building] INFO  o.a.m.s.f.DefaultMavenResourcesFiltering - skip non existing resourceDirectory F:\Desenvolvimento\Projetos\Projeto_Fullstack-react-spring-next_Udemy\ProjetoNovo\vendas-api\vendas-api\src\test\resources
2025-03-20 02:56:34,502 [Worker-33: Building] INFO  o.a.m.s.f.DefaultMavenResourcesFiltering - Copying 1 resource from src\main\resources to target\classes
2025-03-20 02:56:34,506 [Worker-33: Building] INFO  o.a.m.s.f.DefaultMavenResourcesFiltering - Copying 0 resource from src\main\resources to target\classes
2025-03-20 02:56:34,508 [Worker-33: Building] INFO  o.a.m.s.f.DefaultMavenResourcesFiltering - skip non existing resourceDirectory F:\Desenvolvimento\Projetos\Projeto_Fullstack-react-spring-next_Udemy\ProjetoNovo\vendas-api\vendas-api\src\test\resources
2025-03-20 03:00:17,489 [Worker-31: Building] INFO  o.a.m.s.f.DefaultMavenResourcesFiltering - Copying 1 resource from src\main\resources to target\classes
2025-03-20 03:00:17,494 [Worker-31: Building] INFO  o.a.m.s.f.DefaultMavenResourcesFiltering - Copying 0 resource from src\main\resources to target\classes
2025-03-20 03:00:17,496 [Worker-31: Building] INFO  o.a.m.s.f.DefaultMavenResourcesFiltering - skip non existing resourceDirectory F:\Desenvolvimento\Projetos\Projeto_Fullstack-react-spring-next_Udemy\ProjetoNovo\vendas-api\vendas-api\src\test\resources
2025-03-20 03:11:05,285 [Worker-32: Building] INFO  o.a.m.s.f.DefaultMavenResourcesFiltering - Copying 1 resource from src\main\resources to target\classes
2025-03-20 03:11:05,290 [Worker-32: Building] INFO  o.a.m.s.f.DefaultMavenResourcesFiltering - Copying 0 resource from src\main\resources to target\classes
2025-03-20 03:11:05,292 [Worker-32: Building] INFO  o.a.m.s.f.DefaultMavenResourcesFiltering - skip non existing resourceDirectory F:\Desenvolvimento\Projetos\Projeto_Fullstack-react-spring-next_Udemy\ProjetoNovo\vendas-api\vendas-api\src\test\resources
2025-03-20 03:20:13,572 [Worker-33: Building] INFO  o.a.m.s.f.DefaultMavenResourcesFiltering - Copying 1 resource from src\main\resources to target\classes
2025-03-20 03:20:13,577 [Worker-33: Building] INFO  o.a.m.s.f.DefaultMavenResourcesFiltering - Copying 0 resource from src\main\resources to target\classes
2025-03-20 03:20:13,579 [Worker-33: Building] INFO  o.a.m.s.f.DefaultMavenResourcesFiltering - skip non existing resourceDirectory F:\Desenvolvimento\Projetos\Projeto_Fullstack-react-spring-next_Udemy\ProjetoNovo\vendas-api\vendas-api\src\test\resources
2025-03-20 03:27:03,436 [Worker-30: Building] INFO  o.a.m.s.f.DefaultMavenResourcesFiltering - Copying 1 resource from src\main\resources to target\classes
2025-03-20 03:27:03,451 [Worker-30: Building] INFO  o.a.m.s.f.DefaultMavenResourcesFiltering - Copying 0 resource from src\main\resources to target\classes
2025-03-20 03:27:03,453 [Worker-30: Building] INFO  o.a.m.s.f.DefaultMavenResourcesFiltering - skip non existing resourceDirectory F:\Desenvolvimento\Projetos\Projeto_Fullstack-react-spring-next_Udemy\ProjetoNovo\vendas-api\vendas-api\src\test\resources
2025-03-20 18:35:40,228 [Worker-2: Loading available Gradle versions] INFO  o.e.b.c.i.u.g.PublishedGradleVersions - Gradle version information cache is up-to-date. Trying to read.
2025-03-20 18:56:18,929 [Worker-0: Building] INFO  o.a.m.s.f.DefaultMavenResourcesFiltering - Copying 1 resource from src\main\resources to target\classes
2025-03-20 18:56:19,002 [Worker-0: Building] INFO  o.a.m.s.f.DefaultMavenResourcesFiltering - Copying 0 resource from src\main\resources to target\classes
2025-03-20 18:56:19,009 [Worker-0: Building] INFO  o.a.m.s.f.DefaultMavenResourcesFiltering - skip non existing resourceDirectory F:\Desenvolvimento\Projetos\Projeto_Fullstack-react-spring-next_Udemy\ProjetoNovo\vendas-api\vendas-api\src\test\resources
2025-03-20 18:59:13,329 [Worker-0: Building] INFO  o.a.m.s.f.DefaultMavenResourcesFiltering - Copying 0 resource from src\main\resources to target\classes
2025-03-20 18:59:13,331 [Worker-0: Building] INFO  o.a.m.s.f.DefaultMavenResourcesFiltering - Copying 0 resource from src\main\resources to target\classes
2025-03-20 18:59:13,334 [Worker-0: Building] INFO  o.a.m.s.f.DefaultMavenResourcesFiltering - skip non existing resourceDirectory F:\Desenvolvimento\Projetos\Projeto_Fullstack-react-spring-next_Udemy\ProjetoNovo\vendas-api\vendas-api\src\test\resources
2025-03-20 18:59:30,419 [Worker-17: Building] INFO  o.a.m.s.f.DefaultMavenResourcesFiltering - Copying 0 resource from src\main\resources to target\classes
2025-03-20 18:59:30,420 [Worker-17: Building] INFO  o.a.m.s.f.DefaultMavenResourcesFiltering - Copying 0 resource from src\main\resources to target\classes
2025-03-20 18:59:30,423 [Worker-17: Building] INFO  o.a.m.s.f.DefaultMavenResourcesFiltering - skip non existing resourceDirectory F:\Desenvolvimento\Projetos\Projeto_Fullstack-react-spring-next_Udemy\ProjetoNovo\vendas-api\vendas-api\src\test\resources
2025-03-20 19:00:35,459 [Worker-15: Building] INFO  o.a.m.s.f.DefaultMavenResourcesFiltering - Copying 0 resource from src\main\resources to target\classes
2025-03-20 19:00:35,460 [Worker-15: Building] INFO  o.a.m.s.f.DefaultMavenResourcesFiltering - Copying 0 resource from src\main\resources to target\classes
2025-03-20 19:00:35,462 [Worker-15: Building] INFO  o.a.m.s.f.DefaultMavenResourcesFiltering - skip non existing resourceDirectory F:\Desenvolvimento\Projetos\Projeto_Fullstack-react-spring-next_Udemy\ProjetoNovo\vendas-api\vendas-api\src\test\resources
2025-03-20 19:13:12,259 [Worker-20: Building] INFO  o.a.m.s.f.DefaultMavenResourcesFiltering - Copying 0 resource from src\main\resources to target\classes
2025-03-20 19:13:12,260 [Worker-20: Building] INFO  o.a.m.s.f.DefaultMavenResourcesFiltering - Copying 0 resource from src\main\resources to target\classes
2025-03-20 19:13:12,263 [Worker-20: Building] INFO  o.a.m.s.f.DefaultMavenResourcesFiltering - skip non existing resourceDirectory F:\Desenvolvimento\Projetos\Projeto_Fullstack-react-spring-next_Udemy\ProjetoNovo\vendas-api\vendas-api\src\test\resources
2025-03-20 19:20:09,458 [Worker-22: Building] INFO  o.a.m.s.f.DefaultMavenResourcesFiltering - Copying 0 resource from src\main\resources to target\classes
2025-03-20 19:20:09,459 [Worker-22: Building] INFO  o.a.m.s.f.DefaultMavenResourcesFiltering - Copying 0 resource from src\main\resources to target\classes
2025-03-20 19:20:09,462 [Worker-22: Building] INFO  o.a.m.s.f.DefaultMavenResourcesFiltering - skip non existing resourceDirectory F:\Desenvolvimento\Projetos\Projeto_Fullstack-react-spring-next_Udemy\ProjetoNovo\vendas-api\vendas-api\src\test\resources
2025-03-20 19:26:07,122 [Worker-21: Building] INFO  o.a.m.s.f.DefaultMavenResourcesFiltering - Copying 1 resource from src\main\resources to target\classes
2025-03-20 19:26:07,129 [Worker-21: Building] INFO  o.a.m.s.f.DefaultMavenResourcesFiltering - Copying 0 resource from src\main\resources to target\classes
2025-03-20 19:26:07,131 [Worker-21: Building] INFO  o.a.m.s.f.DefaultMavenResourcesFiltering - skip non existing resourceDirectory F:\Desenvolvimento\Projetos\Projeto_Fullstack-react-spring-next_Udemy\ProjetoNovo\vendas-api\vendas-api\src\test\resources
2025-03-21 11:14:41,734 [Worker-4: Loading available Gradle versions] INFO  o.e.b.c.i.u.g.PublishedGradleVersions - Gradle version information cache is out-of-date. Trying to update.
2025-03-21 15:29:41,848 [Worker-1: Loading available Gradle versions] INFO  o.e.b.c.i.u.g.PublishedGradleVersions - Gradle version information cache is up-to-date. Trying to read.
2025-03-21 15:32:33,968 [Worker-6: Launching vendas-api - VendasApiApplication] INFO  o.a.m.s.f.DefaultMavenResourcesFiltering - Copying 1 resource from src\main\resources to target\classes
2025-03-21 15:32:33,987 [Worker-6: Launching vendas-api - VendasApiApplication] INFO  o.a.m.s.f.DefaultMavenResourcesFiltering - Copying 0 resource from src\main\resources to target\classes
2025-03-21 15:32:33,991 [Worker-6: Launching vendas-api - VendasApiApplication] INFO  o.a.m.s.f.DefaultMavenResourcesFiltering - skip non existing resourceDirectory F:\Desenvolvimento\Projetos\Projeto_Fullstack-react-spring-next_Udemy\ProjetoNovo\vendas-api\vendas-api\src\test\resources
2025-03-21 18:56:44,071 [Worker-10: Launching vendas-api - VendasApiApplication] INFO  o.a.m.s.f.DefaultMavenResourcesFiltering - Copying 1 resource from src\main\resources to target\classes
2025-03-21 18:56:44,079 [Worker-10: Launching vendas-api - VendasApiApplication] INFO  o.a.m.s.f.DefaultMavenResourcesFiltering - Copying 0 resource from src\main\resources to target\classes
2025-03-21 18:56:44,083 [Worker-10: Launching vendas-api - VendasApiApplication] INFO  o.a.m.s.f.DefaultMavenResourcesFiltering - skip non existing resourceDirectory F:\Desenvolvimento\Projetos\Projeto_Fullstack-react-spring-next_Udemy\ProjetoNovo\vendas-api\vendas-api\src\test\resources
2025-03-23 18:42:48,579 [Worker-1: Loading available Gradle versions] INFO  o.e.b.c.i.u.g.PublishedGradleVersions - Gradle version information cache is out-of-date. Trying to update.
2025-03-23 20:17:27,373 [Worker-21: Building] INFO  o.a.m.s.f.DefaultMavenResourcesFiltering - Copying 1 resource from src\main\resources to target\classes
2025-03-23 20:17:27,414 [Worker-21: Building] INFO  o.a.m.s.f.DefaultMavenResourcesFiltering - Copying 0 resource from src\main\resources to target\classes
2025-03-23 20:17:27,420 [Worker-21: Building] INFO  o.a.m.s.f.DefaultMavenResourcesFiltering - skip non existing resourceDirectory F:\Desenvolvimento\Projetos\Projeto_Fullstack-react-spring-next_Udemy\ProjetoNovo\vendas-api\vendas-api\src\test\resources
2025-03-23 20:19:34,309 [Worker-35: Building] INFO  o.a.m.s.f.DefaultMavenResourcesFiltering - Copying 1 resource from src\main\resources to target\classes
2025-03-23 20:19:34,313 [Worker-35: Building] INFO  o.a.m.s.f.DefaultMavenResourcesFiltering - Copying 0 resource from src\main\resources to target\classes
2025-03-23 20:19:34,316 [Worker-35: Building] INFO  o.a.m.s.f.DefaultMavenResourcesFiltering - skip non existing resourceDirectory F:\Desenvolvimento\Projetos\Projeto_Fullstack-react-spring-next_Udemy\ProjetoNovo\vendas-api\vendas-api\src\test\resources
2025-03-23 20:20:34,798 [Worker-21: Building] INFO  o.a.m.s.f.DefaultMavenResourcesFiltering - Copying 1 resource from src\main\resources to target\classes
2025-03-23 20:20:34,802 [Worker-21: Building] INFO  o.a.m.s.f.DefaultMavenResourcesFiltering - Copying 0 resource from src\main\resources to target\classes
2025-03-23 20:20:34,806 [Worker-21: Building] INFO  o.a.m.s.f.DefaultMavenResourcesFiltering - skip non existing resourceDirectory F:\Desenvolvimento\Projetos\Projeto_Fullstack-react-spring-next_Udemy\ProjetoNovo\vendas-api\vendas-api\src\test\resources
2025-03-23 20:23:31,293 [Worker-34: Building] INFO  o.a.m.s.f.DefaultMavenResourcesFiltering - Copying 1 resource from src\main\resources to target\classes
2025-03-23 20:23:31,297 [Worker-34: Building] INFO  o.a.m.s.f.DefaultMavenResourcesFiltering - Copying 0 resource from src\main\resources to target\classes
2025-03-23 20:23:31,299 [Worker-34: Building] INFO  o.a.m.s.f.DefaultMavenResourcesFiltering - skip non existing resourceDirectory F:\Desenvolvimento\Projetos\Projeto_Fullstack-react-spring-next_Udemy\ProjetoNovo\vendas-api\vendas-api\src\test\resources
2025-03-23 20:24:24,610 [Worker-21: Building] INFO  o.a.m.s.f.DefaultMavenResourcesFiltering - Copying 1 resource from src\main\resources to target\classes
2025-03-23 20:24:24,616 [Worker-21: Building] INFO  o.a.m.s.f.DefaultMavenResourcesFiltering - Copying 0 resource from src\main\resources to target\classes
2025-03-23 20:24:24,618 [Worker-21: Building] INFO  o.a.m.s.f.DefaultMavenResourcesFiltering - skip non existing resourceDirectory F:\Desenvolvimento\Projetos\Projeto_Fullstack-react-spring-next_Udemy\ProjetoNovo\vendas-api\vendas-api\src\test\resources
2025-03-24 08:17:23,555 [Worker-2: Loading available Gradle versions] INFO  o.e.b.c.i.u.g.PublishedGradleVersions - Gradle version information cache is up-to-date. Trying to read.
2025-03-24 08:31:28,335 [Worker-15: Building] INFO  o.a.m.s.f.DefaultMavenResourcesFiltering - Copying 1 resource from src\main\resources to target\classes
2025-03-24 08:31:28,356 [Worker-15: Building] INFO  o.a.m.s.f.DefaultMavenResourcesFiltering - Copying 0 resource from src\main\resources to target\classes
2025-03-24 08:31:28,361 [Worker-15: Building] INFO  o.a.m.s.f.DefaultMavenResourcesFiltering - skip non existing resourceDirectory F:\Desenvolvimento\Projetos\Projeto_Fullstack-react-spring-next_Udemy\ProjetoNovo\vendas-api\vendas-api\src\test\resources
2025-03-24 08:43:14,531 [Worker-20: Building] INFO  o.a.m.s.f.DefaultMavenResourcesFiltering - Copying 1 resource from src\main\resources to target\classes
2025-03-24 08:43:14,535 [Worker-20: Building] INFO  o.a.m.s.f.DefaultMavenResourcesFiltering - Copying 0 resource from src\main\resources to target\classes
2025-03-24 08:43:14,538 [Worker-20: Building] INFO  o.a.m.s.f.DefaultMavenResourcesFiltering - skip non existing resourceDirectory F:\Desenvolvimento\Projetos\Projeto_Fullstack-react-spring-next_Udemy\ProjetoNovo\vendas-api\vendas-api\src\test\resources
2025-03-24 08:43:26,421 [Worker-20: Building] INFO  o.a.m.s.f.DefaultMavenResourcesFiltering - Copying 1 resource from src\main\resources to target\classes
2025-03-24 08:43:26,424 [Worker-20: Building] INFO  o.a.m.s.f.DefaultMavenResourcesFiltering - Copying 0 resource from src\main\resources to target\classes
2025-03-24 08:43:26,427 [Worker-20: Building] INFO  o.a.m.s.f.DefaultMavenResourcesFiltering - skip non existing resourceDirectory F:\Desenvolvimento\Projetos\Projeto_Fullstack-react-spring-next_Udemy\ProjetoNovo\vendas-api\vendas-api\src\test\resources
2025-03-24 09:51:16,024 [Worker-1: Loading available Gradle versions] INFO  o.e.b.c.i.u.g.PublishedGradleVersions - Gradle version information cache is up-to-date. Trying to read.
2025-03-24 09:51:45,047 [Worker-12: Building] INFO  o.a.m.s.f.DefaultMavenResourcesFiltering - Copying 1 resource from src\main\resources to target\classes
2025-03-24 09:51:45,074 [Worker-12: Building] INFO  o.a.m.s.f.DefaultMavenResourcesFiltering - Copying 0 resource from src\main\resources to target\classes
2025-03-24 09:51:45,081 [Worker-12: Building] INFO  o.a.m.s.f.DefaultMavenResourcesFiltering - skip non existing resourceDirectory F:\Desenvolvimento\Projetos\Projeto_Fullstack-react-spring-next_Udemy\Projeto_Vendas\vendas-api\vendas-api\src\test\resources
